<?xml version="1.0" encoding="UTF-8"?>
<!-- Generated by org.testng.reporters.JUnitXMLReporter -->
<testsuite ignored="3" hostname="Shree" failures="1" tests="2" name="Default test(failed)" time="0.05" errors="0" timestamp="2022-06-14T11:57:07 IST">
  <testcase classname="testNG_failed_xmlStudy.MyTest" name="myMethod1" time="0.01">
    <failure type="java.lang.AssertionError" message="null">
      <![CDATA[java.lang.AssertionError: null
at testNG_failed_xmlStudy.MyTest.myMethod1(MyTest.java:13)
at java.base/java.util.ArrayList.forEach(ArrayList.java:1511)
... Removed 27 stack frames]]>
    </failure>
  </testcase> <!-- myMethod1 -->
  <testcase classname="testNG_failed_xmlStudy.MyTest" name="myMethod3" time="0.007"/>
  <testcase classname="testNG_failed_xmlStudy.MyTest" name="myMethod5" time="0.0">
    <ignored/>
  </testcase> <!-- myMethod5 -->
  <testcase classname="testNG_failed_xmlStudy.MyTest" name="myMethod2" time="0.0">
    <ignored/>
  </testcase> <!-- myMethod2 -->
  <testcase classname="testNG_failed_xmlStudy.MyTest" name="myMethod4" time="0.0">
    <ignored/>
  </testcase> <!-- myMethod4 -->
</testsuite> <!-- Default test(failed) -->
