<?xml version="1.0" encoding="UTF-8"?>
<!-- Generated by org.testng.reporters.JUnitXMLReporter -->
<testsuite ignored="0" hostname="Shree" failures="0" tests="4" name="Test" time="0.044" errors="0" timestamp="2022-06-22T12:17:15 IST">
  <testcase classname="testNG_Listner.MumbaiTest" name="GhanSoli" time="0.008"/>
  <testcase classname="testNG_Listner.MumbaiTest" name="Sanpada" time="0.001"/>
  <testcase classname="testNG_Listner.PuneTest" name="ShivajiNagar" time="0.001"/>
  <testcase classname="testNG_Listner.PuneTest" name="Swargate" time="0.0"/>
</testsuite> <!-- Test -->
